[2023-07-27 10:15:50,191][torch.distributed.nn.jit.instantiator][INFO] - Created a temporary directory at /tmp/tmppofwo78v
[2023-07-27 10:15:50,191][torch.distributed.nn.jit.instantiator][INFO] - Writing /tmp/tmppofwo78v/_remote_module_non_scriptable.py
[2023-07-27 10:15:51,833][torch.distributed.distributed_c10d][INFO] - Added key: store_based_barrier_key:1 to store for rank: 1
[2023-07-27 10:15:51,843][torch.distributed.distributed_c10d][INFO] - Rank 1: Completed store-based barrier for key:store_based_barrier_key:1 with 2 nodes.
[2023-07-27 10:37:22,556][torch.distributed.nn.jit.instantiator][INFO] - Created a temporary directory at /tmp/tmpr3nd8f3f
[2023-07-27 10:37:22,556][torch.distributed.nn.jit.instantiator][INFO] - Writing /tmp/tmpr3nd8f3f/_remote_module_non_scriptable.py
[2023-07-27 10:37:24,168][torch.distributed.distributed_c10d][INFO] - Added key: store_based_barrier_key:1 to store for rank: 1
[2023-07-27 10:37:24,178][torch.distributed.distributed_c10d][INFO] - Rank 1: Completed store-based barrier for key:store_based_barrier_key:1 with 2 nodes.
[2023-07-27 10:41:01,963][torch.distributed.nn.jit.instantiator][INFO] - Created a temporary directory at /tmp/tmpg5p_p1ye
[2023-07-27 10:41:01,963][torch.distributed.nn.jit.instantiator][INFO] - Writing /tmp/tmpg5p_p1ye/_remote_module_non_scriptable.py
[2023-07-27 10:41:03,666][torch.distributed.distributed_c10d][INFO] - Added key: store_based_barrier_key:1 to store for rank: 1
[2023-07-27 10:41:03,676][torch.distributed.distributed_c10d][INFO] - Rank 1: Completed store-based barrier for key:store_based_barrier_key:1 with 2 nodes.
[2023-07-27 10:42:20,613][torch.distributed.nn.jit.instantiator][INFO] - Created a temporary directory at /tmp/tmp_mu5d1qy
[2023-07-27 10:42:20,613][torch.distributed.nn.jit.instantiator][INFO] - Writing /tmp/tmp_mu5d1qy/_remote_module_non_scriptable.py
[2023-07-27 10:42:22,285][torch.distributed.distributed_c10d][INFO] - Added key: store_based_barrier_key:1 to store for rank: 1
[2023-07-27 10:42:22,295][torch.distributed.distributed_c10d][INFO] - Rank 1: Completed store-based barrier for key:store_based_barrier_key:1 with 2 nodes.
[2023-07-27 10:44:51,956][torch.distributed.nn.jit.instantiator][INFO] - Created a temporary directory at /tmp/tmptb7qsm_6
[2023-07-27 10:44:51,956][torch.distributed.nn.jit.instantiator][INFO] - Writing /tmp/tmptb7qsm_6/_remote_module_non_scriptable.py
[2023-07-27 10:44:53,611][torch.distributed.distributed_c10d][INFO] - Added key: store_based_barrier_key:1 to store for rank: 1
[2023-07-27 10:44:53,621][torch.distributed.distributed_c10d][INFO] - Rank 1: Completed store-based barrier for key:store_based_barrier_key:1 with 2 nodes.
[2023-07-27 10:47:51,725][torch.distributed.nn.jit.instantiator][INFO] - Created a temporary directory at /tmp/tmpnurqbex_
[2023-07-27 10:47:51,725][torch.distributed.nn.jit.instantiator][INFO] - Writing /tmp/tmpnurqbex_/_remote_module_non_scriptable.py
[2023-07-27 10:47:53,353][torch.distributed.distributed_c10d][INFO] - Added key: store_based_barrier_key:1 to store for rank: 1
[2023-07-27 10:47:53,353][torch.distributed.distributed_c10d][INFO] - Rank 1: Completed store-based barrier for key:store_based_barrier_key:1 with 2 nodes.
[2023-07-27 14:45:44,874][torch.distributed.nn.jit.instantiator][INFO] - Created a temporary directory at /tmp/tmpiwv0jlwk
[2023-07-27 14:45:44,874][torch.distributed.nn.jit.instantiator][INFO] - Writing /tmp/tmpiwv0jlwk/_remote_module_non_scriptable.py
[2023-07-27 14:45:46,527][torch.distributed.distributed_c10d][INFO] - Added key: store_based_barrier_key:1 to store for rank: 1
[2023-07-27 14:45:46,538][torch.distributed.distributed_c10d][INFO] - Rank 1: Completed store-based barrier for key:store_based_barrier_key:1 with 2 nodes.
[2023-07-28 10:06:18,171][torch.distributed.distributed_c10d][INFO] - Added key: store_based_barrier_key:1 to store for rank: 1
[2023-07-28 10:06:18,181][torch.distributed.distributed_c10d][INFO] - Rank 1: Completed store-based barrier for key:store_based_barrier_key:1 with 2 nodes.
[2023-07-28 10:09:33,059][torch.distributed.distributed_c10d][INFO] - Added key: store_based_barrier_key:1 to store for rank: 1
[2023-07-28 10:09:33,070][torch.distributed.distributed_c10d][INFO] - Rank 1: Completed store-based barrier for key:store_based_barrier_key:1 with 2 nodes.
[2023-07-29 11:03:45,592][torch.distributed.nn.jit.instantiator][INFO] - Created a temporary directory at /tmp/tmphs06exsf
[2023-07-29 11:03:45,592][torch.distributed.nn.jit.instantiator][INFO] - Writing /tmp/tmphs06exsf/_remote_module_non_scriptable.py
[2023-07-29 11:03:47,199][torch.distributed.distributed_c10d][INFO] - Added key: store_based_barrier_key:1 to store for rank: 1
[2023-07-29 11:03:47,210][torch.distributed.distributed_c10d][INFO] - Rank 1: Completed store-based barrier for key:store_based_barrier_key:1 with 2 nodes.
[2023-07-29 21:08:35,962][torch.distributed.nn.jit.instantiator][INFO] - Created a temporary directory at /tmp/tmpcmmmmi2c
[2023-07-29 21:08:35,987][torch.distributed.nn.jit.instantiator][INFO] - Writing /tmp/tmpcmmmmi2c/_remote_module_non_scriptable.py
[2023-07-29 21:08:37,688][torch.distributed.distributed_c10d][INFO] - Added key: store_based_barrier_key:1 to store for rank: 1
[2023-07-29 21:08:37,689][torch.distributed.distributed_c10d][INFO] - Rank 1: Completed store-based barrier for key:store_based_barrier_key:1 with 2 nodes.
[2023-07-29 21:12:55,598][torch.distributed.nn.jit.instantiator][INFO] - Created a temporary directory at /tmp/tmp9kiw3zzs
[2023-07-29 21:12:55,598][torch.distributed.nn.jit.instantiator][INFO] - Writing /tmp/tmp9kiw3zzs/_remote_module_non_scriptable.py
[2023-07-29 21:12:57,268][torch.distributed.distributed_c10d][INFO] - Added key: store_based_barrier_key:1 to store for rank: 1
[2023-07-29 21:12:57,278][torch.distributed.distributed_c10d][INFO] - Rank 1: Completed store-based barrier for key:store_based_barrier_key:1 with 2 nodes.
[2023-07-29 21:16:11,319][torch.distributed.nn.jit.instantiator][INFO] - Created a temporary directory at /tmp/tmpgnhfpulv
[2023-07-29 21:16:11,320][torch.distributed.nn.jit.instantiator][INFO] - Writing /tmp/tmpgnhfpulv/_remote_module_non_scriptable.py
[2023-07-29 21:16:12,945][torch.distributed.distributed_c10d][INFO] - Added key: store_based_barrier_key:1 to store for rank: 1
[2023-07-29 21:16:12,956][torch.distributed.distributed_c10d][INFO] - Rank 1: Completed store-based barrier for key:store_based_barrier_key:1 with 2 nodes.
[2023-07-29 21:19:34,986][torch.distributed.nn.jit.instantiator][INFO] - Created a temporary directory at /tmp/tmpembls3nd
[2023-07-29 21:19:34,986][torch.distributed.nn.jit.instantiator][INFO] - Writing /tmp/tmpembls3nd/_remote_module_non_scriptable.py
[2023-07-29 21:19:36,654][torch.distributed.distributed_c10d][INFO] - Added key: store_based_barrier_key:1 to store for rank: 1
[2023-07-29 21:19:36,655][torch.distributed.distributed_c10d][INFO] - Rank 1: Completed store-based barrier for key:store_based_barrier_key:1 with 2 nodes.
[2023-07-29 21:22:25,298][torch.distributed.nn.jit.instantiator][INFO] - Created a temporary directory at /tmp/tmp71jf13xl
[2023-07-29 21:22:25,298][torch.distributed.nn.jit.instantiator][INFO] - Writing /tmp/tmp71jf13xl/_remote_module_non_scriptable.py
[2023-07-29 21:22:26,943][torch.distributed.distributed_c10d][INFO] - Added key: store_based_barrier_key:1 to store for rank: 1
[2023-07-29 21:22:26,954][torch.distributed.distributed_c10d][INFO] - Rank 1: Completed store-based barrier for key:store_based_barrier_key:1 with 2 nodes.
[2023-07-29 21:26:27,718][torch.distributed.nn.jit.instantiator][INFO] - Created a temporary directory at /tmp/tmpzqt2nrbq
[2023-07-29 21:26:27,718][torch.distributed.nn.jit.instantiator][INFO] - Writing /tmp/tmpzqt2nrbq/_remote_module_non_scriptable.py
[2023-07-29 21:26:29,343][torch.distributed.distributed_c10d][INFO] - Added key: store_based_barrier_key:1 to store for rank: 1
[2023-07-29 21:26:29,353][torch.distributed.distributed_c10d][INFO] - Rank 1: Completed store-based barrier for key:store_based_barrier_key:1 with 2 nodes.
[2023-07-29 21:26:58,964][torch.distributed.nn.jit.instantiator][INFO] - Created a temporary directory at /tmp/tmp3uqws0u7
[2023-07-29 21:26:58,964][torch.distributed.nn.jit.instantiator][INFO] - Writing /tmp/tmp3uqws0u7/_remote_module_non_scriptable.py
[2023-07-29 21:27:00,639][torch.distributed.distributed_c10d][INFO] - Added key: store_based_barrier_key:1 to store for rank: 1
[2023-07-29 21:27:00,649][torch.distributed.distributed_c10d][INFO] - Rank 1: Completed store-based barrier for key:store_based_barrier_key:1 with 2 nodes.
[2023-07-29 21:32:34,301][torch.distributed.nn.jit.instantiator][INFO] - Created a temporary directory at /tmp/tmpbin5nvem
[2023-07-29 21:32:34,301][torch.distributed.nn.jit.instantiator][INFO] - Writing /tmp/tmpbin5nvem/_remote_module_non_scriptable.py
[2023-07-29 21:32:35,951][torch.distributed.distributed_c10d][INFO] - Added key: store_based_barrier_key:1 to store for rank: 1
[2023-07-29 21:32:35,961][torch.distributed.distributed_c10d][INFO] - Rank 1: Completed store-based barrier for key:store_based_barrier_key:1 with 2 nodes.
[2023-07-30 00:54:33,377][torch.distributed.nn.jit.instantiator][INFO] - Created a temporary directory at /tmp/tmpq2zf66y7
[2023-07-30 00:54:33,377][torch.distributed.nn.jit.instantiator][INFO] - Writing /tmp/tmpq2zf66y7/_remote_module_non_scriptable.py
[2023-07-30 00:54:35,031][torch.distributed.distributed_c10d][INFO] - Added key: store_based_barrier_key:1 to store for rank: 1
[2023-07-30 00:54:35,042][torch.distributed.distributed_c10d][INFO] - Rank 1: Completed store-based barrier for key:store_based_barrier_key:1 with 2 nodes.
[2023-07-30 00:56:45,808][torch.distributed.nn.jit.instantiator][INFO] - Created a temporary directory at /tmp/tmp_wop2s4s
[2023-07-30 00:56:45,808][torch.distributed.nn.jit.instantiator][INFO] - Writing /tmp/tmp_wop2s4s/_remote_module_non_scriptable.py
[2023-07-30 00:56:47,434][torch.distributed.distributed_c10d][INFO] - Added key: store_based_barrier_key:1 to store for rank: 1
[2023-07-30 00:56:47,445][torch.distributed.distributed_c10d][INFO] - Rank 1: Completed store-based barrier for key:store_based_barrier_key:1 with 2 nodes.
[2023-07-30 02:10:23,686][torch.distributed.nn.jit.instantiator][INFO] - Created a temporary directory at /tmp/tmpfu9lwiqe
[2023-07-30 02:10:23,686][torch.distributed.nn.jit.instantiator][INFO] - Writing /tmp/tmpfu9lwiqe/_remote_module_non_scriptable.py
[2023-07-30 02:10:25,359][torch.distributed.distributed_c10d][INFO] - Added key: store_based_barrier_key:1 to store for rank: 1
[2023-07-30 02:10:25,369][torch.distributed.distributed_c10d][INFO] - Rank 1: Completed store-based barrier for key:store_based_barrier_key:1 with 2 nodes.
[2023-07-30 02:11:28,684][torch.distributed.nn.jit.instantiator][INFO] - Created a temporary directory at /tmp/tmp9ib3puy2
[2023-07-30 02:11:28,684][torch.distributed.nn.jit.instantiator][INFO] - Writing /tmp/tmp9ib3puy2/_remote_module_non_scriptable.py
[2023-07-30 02:11:30,324][torch.distributed.distributed_c10d][INFO] - Added key: store_based_barrier_key:1 to store for rank: 1
[2023-07-30 02:11:30,335][torch.distributed.distributed_c10d][INFO] - Rank 1: Completed store-based barrier for key:store_based_barrier_key:1 with 2 nodes.
[2023-07-30 02:15:07,516][torch.distributed.nn.jit.instantiator][INFO] - Created a temporary directory at /tmp/tmpghw34cyo
[2023-07-30 02:15:07,516][torch.distributed.nn.jit.instantiator][INFO] - Writing /tmp/tmpghw34cyo/_remote_module_non_scriptable.py
[2023-07-30 02:15:09,223][torch.distributed.distributed_c10d][INFO] - Added key: store_based_barrier_key:1 to store for rank: 1
[2023-07-30 02:15:09,234][torch.distributed.distributed_c10d][INFO] - Rank 1: Completed store-based barrier for key:store_based_barrier_key:1 with 2 nodes.
[2023-07-30 10:34:50,429][torch.distributed.nn.jit.instantiator][INFO] - Created a temporary directory at /tmp/tmpwkbpi2d7
[2023-07-30 10:34:50,444][torch.distributed.nn.jit.instantiator][INFO] - Writing /tmp/tmpwkbpi2d7/_remote_module_non_scriptable.py
[2023-07-30 10:34:52,162][torch.distributed.distributed_c10d][INFO] - Added key: store_based_barrier_key:1 to store for rank: 1
[2023-07-30 10:34:52,162][torch.distributed.distributed_c10d][INFO] - Rank 1: Completed store-based barrier for key:store_based_barrier_key:1 with 2 nodes.
[2023-07-30 17:55:57,490][torch.distributed.nn.jit.instantiator][INFO] - Created a temporary directory at /tmp/tmpejzvfri9
[2023-07-30 17:55:57,772][torch.distributed.nn.jit.instantiator][INFO] - Writing /tmp/tmpejzvfri9/_remote_module_non_scriptable.py
[2023-07-30 17:55:59,774][torch.distributed.distributed_c10d][INFO] - Added key: store_based_barrier_key:1 to store for rank: 1
[2023-07-30 17:55:59,774][torch.distributed.distributed_c10d][INFO] - Rank 1: Completed store-based barrier for key:store_based_barrier_key:1 with 2 nodes.
[2023-07-30 18:08:56,807][torch.distributed.nn.jit.instantiator][INFO] - Created a temporary directory at /tmp/tmplpnwxo6z
[2023-07-30 18:08:56,807][torch.distributed.nn.jit.instantiator][INFO] - Writing /tmp/tmplpnwxo6z/_remote_module_non_scriptable.py
[2023-07-30 18:08:58,505][torch.distributed.distributed_c10d][INFO] - Added key: store_based_barrier_key:1 to store for rank: 1
[2023-07-30 18:08:58,515][torch.distributed.distributed_c10d][INFO] - Rank 1: Completed store-based barrier for key:store_based_barrier_key:1 with 2 nodes.
[2023-07-30 18:10:07,406][torch.distributed.nn.jit.instantiator][INFO] - Created a temporary directory at /tmp/tmpjst1qstj
[2023-07-30 18:10:07,406][torch.distributed.nn.jit.instantiator][INFO] - Writing /tmp/tmpjst1qstj/_remote_module_non_scriptable.py
[2023-07-30 18:10:09,078][torch.distributed.distributed_c10d][INFO] - Added key: store_based_barrier_key:1 to store for rank: 1
[2023-07-30 18:10:09,088][torch.distributed.distributed_c10d][INFO] - Rank 1: Completed store-based barrier for key:store_based_barrier_key:1 with 2 nodes.
[2023-07-30 20:53:20,182][torch.distributed.nn.jit.instantiator][INFO] - Created a temporary directory at /tmp/tmp2pwx0wn2
[2023-07-30 20:53:20,182][torch.distributed.nn.jit.instantiator][INFO] - Writing /tmp/tmp2pwx0wn2/_remote_module_non_scriptable.py
[2023-07-30 20:53:21,860][torch.distributed.distributed_c10d][INFO] - Added key: store_based_barrier_key:1 to store for rank: 1
[2023-07-30 20:53:21,870][torch.distributed.distributed_c10d][INFO] - Rank 1: Completed store-based barrier for key:store_based_barrier_key:1 with 2 nodes.
[2023-07-30 20:57:41,272][torch.distributed.nn.jit.instantiator][INFO] - Created a temporary directory at /tmp/tmpk8ii58q1
[2023-07-30 20:57:41,272][torch.distributed.nn.jit.instantiator][INFO] - Writing /tmp/tmpk8ii58q1/_remote_module_non_scriptable.py
[2023-07-30 20:57:42,971][torch.distributed.distributed_c10d][INFO] - Added key: store_based_barrier_key:1 to store for rank: 1
[2023-07-30 20:57:42,982][torch.distributed.distributed_c10d][INFO] - Rank 1: Completed store-based barrier for key:store_based_barrier_key:1 with 2 nodes.
[2023-07-31 01:30:19,846][torch.distributed.nn.jit.instantiator][INFO] - Created a temporary directory at /tmp/tmpo4z73q04
[2023-07-31 01:30:19,846][torch.distributed.nn.jit.instantiator][INFO] - Writing /tmp/tmpo4z73q04/_remote_module_non_scriptable.py
[2023-07-31 01:30:21,500][torch.distributed.distributed_c10d][INFO] - Added key: store_based_barrier_key:1 to store for rank: 1
[2023-07-31 01:30:21,510][torch.distributed.distributed_c10d][INFO] - Rank 1: Completed store-based barrier for key:store_based_barrier_key:1 with 2 nodes.
[2023-07-31 11:37:09,239][torch.distributed.nn.jit.instantiator][INFO] - Created a temporary directory at /tmp/tmpgqxd9dsg
[2023-07-31 11:37:09,239][torch.distributed.nn.jit.instantiator][INFO] - Writing /tmp/tmpgqxd9dsg/_remote_module_non_scriptable.py
[2023-07-31 11:37:10,930][torch.distributed.distributed_c10d][INFO] - Added key: store_based_barrier_key:1 to store for rank: 1
[2023-07-31 11:37:10,940][torch.distributed.distributed_c10d][INFO] - Rank 1: Completed store-based barrier for key:store_based_barrier_key:1 with 2 nodes.
[2023-07-31 12:51:30,079][torch.distributed.nn.jit.instantiator][INFO] - Created a temporary directory at /tmp/tmp1c38xapu
[2023-07-31 12:51:30,079][torch.distributed.nn.jit.instantiator][INFO] - Writing /tmp/tmp1c38xapu/_remote_module_non_scriptable.py
[2023-07-31 12:51:31,739][torch.distributed.distributed_c10d][INFO] - Added key: store_based_barrier_key:1 to store for rank: 1
[2023-07-31 12:51:31,750][torch.distributed.distributed_c10d][INFO] - Rank 1: Completed store-based barrier for key:store_based_barrier_key:1 with 2 nodes.
[2023-07-31 13:06:11,026][torch.distributed.nn.jit.instantiator][INFO] - Created a temporary directory at /tmp/tmpnj3_izkh
[2023-07-31 13:06:11,026][torch.distributed.nn.jit.instantiator][INFO] - Writing /tmp/tmpnj3_izkh/_remote_module_non_scriptable.py
[2023-07-31 13:06:12,654][torch.distributed.distributed_c10d][INFO] - Added key: store_based_barrier_key:1 to store for rank: 1
[2023-07-31 13:06:12,665][torch.distributed.distributed_c10d][INFO] - Rank 1: Completed store-based barrier for key:store_based_barrier_key:1 with 2 nodes.
[2023-07-31 13:07:03,304][torch.distributed.nn.jit.instantiator][INFO] - Created a temporary directory at /tmp/tmpl07tcrv7
[2023-07-31 13:07:03,304][torch.distributed.nn.jit.instantiator][INFO] - Writing /tmp/tmpl07tcrv7/_remote_module_non_scriptable.py
[2023-07-31 13:07:04,912][torch.distributed.distributed_c10d][INFO] - Added key: store_based_barrier_key:1 to store for rank: 1
[2023-07-31 13:07:04,922][torch.distributed.distributed_c10d][INFO] - Rank 1: Completed store-based barrier for key:store_based_barrier_key:1 with 2 nodes.
[2023-07-31 13:09:31,179][torch.distributed.nn.jit.instantiator][INFO] - Created a temporary directory at /tmp/tmpo9ikf01i
[2023-07-31 13:09:31,179][torch.distributed.nn.jit.instantiator][INFO] - Writing /tmp/tmpo9ikf01i/_remote_module_non_scriptable.py
[2023-07-31 13:09:32,909][torch.distributed.distributed_c10d][INFO] - Added key: store_based_barrier_key:1 to store for rank: 1
[2023-07-31 13:09:32,920][torch.distributed.distributed_c10d][INFO] - Rank 1: Completed store-based barrier for key:store_based_barrier_key:1 with 2 nodes.
[2023-07-31 23:53:28,914][torch.distributed.nn.jit.instantiator][INFO] - Created a temporary directory at /tmp/tmpp0fbyw1c
[2023-07-31 23:53:28,915][torch.distributed.nn.jit.instantiator][INFO] - Writing /tmp/tmpp0fbyw1c/_remote_module_non_scriptable.py
[2023-07-31 23:53:30,784][torch.distributed.distributed_c10d][INFO] - Added key: store_based_barrier_key:1 to store for rank: 1
[2023-07-31 23:53:30,795][torch.distributed.distributed_c10d][INFO] - Rank 1: Completed store-based barrier for key:store_based_barrier_key:1 with 2 nodes.
[2023-07-31 23:54:53,789][torch.distributed.nn.jit.instantiator][INFO] - Created a temporary directory at /tmp/tmp6wd_nhgn
[2023-07-31 23:54:53,789][torch.distributed.nn.jit.instantiator][INFO] - Writing /tmp/tmp6wd_nhgn/_remote_module_non_scriptable.py
[2023-07-31 23:54:55,359][torch.distributed.distributed_c10d][INFO] - Added key: store_based_barrier_key:1 to store for rank: 1
[2023-07-31 23:54:55,370][torch.distributed.distributed_c10d][INFO] - Rank 1: Completed store-based barrier for key:store_based_barrier_key:1 with 2 nodes.
[2023-07-31 23:58:44,685][torch.distributed.nn.jit.instantiator][INFO] - Created a temporary directory at /tmp/tmpjjjb1ted
[2023-07-31 23:58:44,686][torch.distributed.nn.jit.instantiator][INFO] - Writing /tmp/tmpjjjb1ted/_remote_module_non_scriptable.py
[2023-07-31 23:58:46,392][torch.distributed.distributed_c10d][INFO] - Added key: store_based_barrier_key:1 to store for rank: 1
[2023-07-31 23:58:46,402][torch.distributed.distributed_c10d][INFO] - Rank 1: Completed store-based barrier for key:store_based_barrier_key:1 with 2 nodes.
[2023-08-01 00:05:44,098][torch.distributed.nn.jit.instantiator][INFO] - Created a temporary directory at /tmp/tmphkcc_667
[2023-08-01 00:05:44,098][torch.distributed.nn.jit.instantiator][INFO] - Writing /tmp/tmphkcc_667/_remote_module_non_scriptable.py
[2023-08-01 00:05:46,087][torch.distributed.distributed_c10d][INFO] - Added key: store_based_barrier_key:1 to store for rank: 1
[2023-08-01 00:05:46,097][torch.distributed.distributed_c10d][INFO] - Rank 1: Completed store-based barrier for key:store_based_barrier_key:1 with 2 nodes.
[2023-08-01 00:06:24,310][torch.distributed.nn.jit.instantiator][INFO] - Created a temporary directory at /tmp/tmp5ndgavx2
[2023-08-01 00:06:24,310][torch.distributed.nn.jit.instantiator][INFO] - Writing /tmp/tmp5ndgavx2/_remote_module_non_scriptable.py
[2023-08-01 00:06:26,272][torch.distributed.distributed_c10d][INFO] - Added key: store_based_barrier_key:1 to store for rank: 1
[2023-08-01 00:06:26,282][torch.distributed.distributed_c10d][INFO] - Rank 1: Completed store-based barrier for key:store_based_barrier_key:1 with 2 nodes.
[2023-08-01 00:11:35,374][torch.distributed.nn.jit.instantiator][INFO] - Created a temporary directory at /tmp/tmpcqmj8gqp
[2023-08-01 00:11:35,374][torch.distributed.nn.jit.instantiator][INFO] - Writing /tmp/tmpcqmj8gqp/_remote_module_non_scriptable.py
[2023-08-01 00:11:36,369][torch.distributed.distributed_c10d][INFO] - Added key: store_based_barrier_key:1 to store for rank: 1
[2023-08-01 00:11:36,379][torch.distributed.distributed_c10d][INFO] - Rank 1: Completed store-based barrier for key:store_based_barrier_key:1 with 2 nodes.
[2023-08-01 00:24:19,466][torch.distributed.nn.jit.instantiator][INFO] - Created a temporary directory at /tmp/tmpxpdtmcbh
[2023-08-01 00:24:19,466][torch.distributed.nn.jit.instantiator][INFO] - Writing /tmp/tmpxpdtmcbh/_remote_module_non_scriptable.py
[2023-08-01 00:24:21,442][torch.distributed.distributed_c10d][INFO] - Added key: store_based_barrier_key:1 to store for rank: 1
[2023-08-01 00:24:21,452][torch.distributed.distributed_c10d][INFO] - Rank 1: Completed store-based barrier for key:store_based_barrier_key:1 with 2 nodes.
[2023-08-01 00:34:26,419][torch.distributed.nn.jit.instantiator][INFO] - Created a temporary directory at /tmp/tmpfd2vxwyl
[2023-08-01 00:34:26,419][torch.distributed.nn.jit.instantiator][INFO] - Writing /tmp/tmpfd2vxwyl/_remote_module_non_scriptable.py
[2023-08-01 00:34:28,394][torch.distributed.distributed_c10d][INFO] - Added key: store_based_barrier_key:1 to store for rank: 1
[2023-08-01 00:34:28,404][torch.distributed.distributed_c10d][INFO] - Rank 1: Completed store-based barrier for key:store_based_barrier_key:1 with 2 nodes.
[2023-08-01 00:35:07,581][torch.distributed.nn.jit.instantiator][INFO] - Created a temporary directory at /tmp/tmp_2_6mk_o
[2023-08-01 00:35:07,581][torch.distributed.nn.jit.instantiator][INFO] - Writing /tmp/tmp_2_6mk_o/_remote_module_non_scriptable.py
[2023-08-01 00:35:09,520][torch.distributed.distributed_c10d][INFO] - Added key: store_based_barrier_key:1 to store for rank: 1
[2023-08-01 00:35:09,531][torch.distributed.distributed_c10d][INFO] - Rank 1: Completed store-based barrier for key:store_based_barrier_key:1 with 2 nodes.
[2023-08-01 00:41:44,366][torch.distributed.nn.jit.instantiator][INFO] - Created a temporary directory at /tmp/tmpysqgh2yl
[2023-08-01 00:41:44,366][torch.distributed.nn.jit.instantiator][INFO] - Writing /tmp/tmpysqgh2yl/_remote_module_non_scriptable.py
[2023-08-01 00:41:46,353][torch.distributed.distributed_c10d][INFO] - Added key: store_based_barrier_key:1 to store for rank: 1
[2023-08-01 00:41:46,364][torch.distributed.distributed_c10d][INFO] - Rank 1: Completed store-based barrier for key:store_based_barrier_key:1 with 2 nodes.
[2023-08-01 00:47:09,967][torch.distributed.nn.jit.instantiator][INFO] - Created a temporary directory at /tmp/tmpufijqjys
[2023-08-01 00:47:09,968][torch.distributed.nn.jit.instantiator][INFO] - Writing /tmp/tmpufijqjys/_remote_module_non_scriptable.py
[2023-08-01 00:47:11,964][torch.distributed.distributed_c10d][INFO] - Added key: store_based_barrier_key:1 to store for rank: 1
[2023-08-01 00:47:11,974][torch.distributed.distributed_c10d][INFO] - Rank 1: Completed store-based barrier for key:store_based_barrier_key:1 with 2 nodes.
[2023-08-01 23:28:26,346][torch.distributed.nn.jit.instantiator][INFO] - Created a temporary directory at /tmp/tmp00rpamec
[2023-08-01 23:28:26,346][torch.distributed.nn.jit.instantiator][INFO] - Writing /tmp/tmp00rpamec/_remote_module_non_scriptable.py
[2023-08-01 23:28:28,247][torch.distributed.distributed_c10d][INFO] - Added key: store_based_barrier_key:1 to store for rank: 1
[2023-08-01 23:28:28,258][torch.distributed.distributed_c10d][INFO] - Rank 1: Completed store-based barrier for key:store_based_barrier_key:1 with 2 nodes.
[2023-08-01 23:29:11,007][torch.distributed.nn.jit.instantiator][INFO] - Created a temporary directory at /tmp/tmpqytsncvl
[2023-08-01 23:29:11,007][torch.distributed.nn.jit.instantiator][INFO] - Writing /tmp/tmpqytsncvl/_remote_module_non_scriptable.py
[2023-08-01 23:29:12,911][torch.distributed.distributed_c10d][INFO] - Added key: store_based_barrier_key:1 to store for rank: 1
[2023-08-01 23:29:12,922][torch.distributed.distributed_c10d][INFO] - Rank 1: Completed store-based barrier for key:store_based_barrier_key:1 with 2 nodes.
[2023-08-01 23:29:49,166][torch.distributed.nn.jit.instantiator][INFO] - Created a temporary directory at /tmp/tmpm3nyqv0r
[2023-08-01 23:29:49,166][torch.distributed.nn.jit.instantiator][INFO] - Writing /tmp/tmpm3nyqv0r/_remote_module_non_scriptable.py
[2023-08-01 23:29:51,064][torch.distributed.distributed_c10d][INFO] - Added key: store_based_barrier_key:1 to store for rank: 1
[2023-08-01 23:29:51,074][torch.distributed.distributed_c10d][INFO] - Rank 1: Completed store-based barrier for key:store_based_barrier_key:1 with 2 nodes.
[2023-08-01 23:35:08,317][torch.distributed.nn.jit.instantiator][INFO] - Created a temporary directory at /tmp/tmpwx9silm0
[2023-08-01 23:35:08,317][torch.distributed.nn.jit.instantiator][INFO] - Writing /tmp/tmpwx9silm0/_remote_module_non_scriptable.py
[2023-08-01 23:35:10,041][torch.distributed.distributed_c10d][INFO] - Added key: store_based_barrier_key:1 to store for rank: 1
[2023-08-01 23:35:10,041][torch.distributed.distributed_c10d][INFO] - Rank 1: Completed store-based barrier for key:store_based_barrier_key:1 with 2 nodes.
[2023-08-01 23:36:58,152][torch.distributed.nn.jit.instantiator][INFO] - Created a temporary directory at /tmp/tmp0qqj6pxw
[2023-08-01 23:36:58,152][torch.distributed.nn.jit.instantiator][INFO] - Writing /tmp/tmp0qqj6pxw/_remote_module_non_scriptable.py
[2023-08-01 23:36:59,881][torch.distributed.distributed_c10d][INFO] - Added key: store_based_barrier_key:1 to store for rank: 1
[2023-08-01 23:36:59,881][torch.distributed.distributed_c10d][INFO] - Rank 1: Completed store-based barrier for key:store_based_barrier_key:1 with 2 nodes.
[2023-08-02 00:24:45,762][torch.distributed.nn.jit.instantiator][INFO] - Created a temporary directory at /tmp/tmp67qculsh
[2023-08-02 00:24:45,762][torch.distributed.nn.jit.instantiator][INFO] - Writing /tmp/tmp67qculsh/_remote_module_non_scriptable.py
[2023-08-02 00:24:47,400][torch.distributed.distributed_c10d][INFO] - Added key: store_based_barrier_key:1 to store for rank: 1
[2023-08-02 00:24:47,401][torch.distributed.distributed_c10d][INFO] - Rank 1: Completed store-based barrier for key:store_based_barrier_key:1 with 2 nodes.
[2023-08-02 00:44:51,212][torch.distributed.nn.jit.instantiator][INFO] - Created a temporary directory at /tmp/tmpc23jkjjz
[2023-08-02 00:44:51,212][torch.distributed.nn.jit.instantiator][INFO] - Writing /tmp/tmpc23jkjjz/_remote_module_non_scriptable.py
[2023-08-02 00:44:52,942][torch.distributed.distributed_c10d][INFO] - Added key: store_based_barrier_key:1 to store for rank: 1
[2023-08-02 00:44:52,952][torch.distributed.distributed_c10d][INFO] - Rank 1: Completed store-based barrier for key:store_based_barrier_key:1 with 2 nodes.
[2023-08-02 00:45:29,784][torch.distributed.nn.jit.instantiator][INFO] - Created a temporary directory at /tmp/tmpy7swf53l
[2023-08-02 00:45:29,784][torch.distributed.nn.jit.instantiator][INFO] - Writing /tmp/tmpy7swf53l/_remote_module_non_scriptable.py
[2023-08-02 00:45:31,493][torch.distributed.distributed_c10d][INFO] - Added key: store_based_barrier_key:1 to store for rank: 1
[2023-08-02 00:45:31,504][torch.distributed.distributed_c10d][INFO] - Rank 1: Completed store-based barrier for key:store_based_barrier_key:1 with 2 nodes.
[2023-08-02 00:46:01,683][torch.distributed.nn.jit.instantiator][INFO] - Created a temporary directory at /tmp/tmpdo6yr5tw
[2023-08-02 00:46:01,683][torch.distributed.nn.jit.instantiator][INFO] - Writing /tmp/tmpdo6yr5tw/_remote_module_non_scriptable.py
[2023-08-02 00:46:03,418][torch.distributed.distributed_c10d][INFO] - Added key: store_based_barrier_key:1 to store for rank: 1
[2023-08-02 00:46:03,430][torch.distributed.distributed_c10d][INFO] - Rank 1: Completed store-based barrier for key:store_based_barrier_key:1 with 2 nodes.
[2023-08-02 00:47:54,849][torch.distributed.nn.jit.instantiator][INFO] - Created a temporary directory at /tmp/tmp9lr65x6c
[2023-08-02 00:47:54,849][torch.distributed.nn.jit.instantiator][INFO] - Writing /tmp/tmp9lr65x6c/_remote_module_non_scriptable.py
[2023-08-02 00:47:56,651][torch.distributed.distributed_c10d][INFO] - Added key: store_based_barrier_key:1 to store for rank: 1
[2023-08-02 00:47:56,661][torch.distributed.distributed_c10d][INFO] - Rank 1: Completed store-based barrier for key:store_based_barrier_key:1 with 2 nodes.
[2023-08-02 11:56:16,878][torch.distributed.nn.jit.instantiator][INFO] - Created a temporary directory at /tmp/tmp68r367v0
[2023-08-02 11:56:16,879][torch.distributed.nn.jit.instantiator][INFO] - Writing /tmp/tmp68r367v0/_remote_module_non_scriptable.py
[2023-08-02 11:56:18,819][torch.distributed.distributed_c10d][INFO] - Added key: store_based_barrier_key:1 to store for rank: 1
[2023-08-02 11:56:18,830][torch.distributed.distributed_c10d][INFO] - Rank 1: Completed store-based barrier for key:store_based_barrier_key:1 with 2 nodes.
[2023-08-02 11:57:09,773][torch.distributed.nn.jit.instantiator][INFO] - Created a temporary directory at /tmp/tmpx5ee37xu
[2023-08-02 11:57:09,773][torch.distributed.nn.jit.instantiator][INFO] - Writing /tmp/tmpx5ee37xu/_remote_module_non_scriptable.py
[2023-08-02 11:57:11,781][torch.distributed.distributed_c10d][INFO] - Added key: store_based_barrier_key:1 to store for rank: 1
[2023-08-02 11:57:11,791][torch.distributed.distributed_c10d][INFO] - Rank 1: Completed store-based barrier for key:store_based_barrier_key:1 with 2 nodes.
[2023-08-02 12:45:55,353][torch.distributed.nn.jit.instantiator][INFO] - Created a temporary directory at /tmp/tmp35aj0tc3
[2023-08-02 12:45:55,353][torch.distributed.nn.jit.instantiator][INFO] - Writing /tmp/tmp35aj0tc3/_remote_module_non_scriptable.py
[2023-08-02 12:45:57,348][torch.distributed.distributed_c10d][INFO] - Added key: store_based_barrier_key:1 to store for rank: 1
[2023-08-02 12:45:57,358][torch.distributed.distributed_c10d][INFO] - Rank 1: Completed store-based barrier for key:store_based_barrier_key:1 with 2 nodes.
[2023-08-02 13:02:38,101][torch.distributed.nn.jit.instantiator][INFO] - Created a temporary directory at /tmp/tmpgjbl4yn5
[2023-08-02 13:02:38,101][torch.distributed.nn.jit.instantiator][INFO] - Writing /tmp/tmpgjbl4yn5/_remote_module_non_scriptable.py
[2023-08-02 13:02:40,101][torch.distributed.distributed_c10d][INFO] - Added key: store_based_barrier_key:1 to store for rank: 1
[2023-08-02 13:02:40,112][torch.distributed.distributed_c10d][INFO] - Rank 1: Completed store-based barrier for key:store_based_barrier_key:1 with 2 nodes.
[2023-08-02 13:10:49,674][torch.distributed.nn.jit.instantiator][INFO] - Created a temporary directory at /tmp/tmpegyswpw0
[2023-08-02 13:10:49,675][torch.distributed.nn.jit.instantiator][INFO] - Writing /tmp/tmpegyswpw0/_remote_module_non_scriptable.py
[2023-08-02 13:10:51,695][torch.distributed.distributed_c10d][INFO] - Added key: store_based_barrier_key:1 to store for rank: 1
[2023-08-02 13:10:51,705][torch.distributed.distributed_c10d][INFO] - Rank 1: Completed store-based barrier for key:store_based_barrier_key:1 with 2 nodes.
[2023-08-02 13:41:37,019][torch.distributed.nn.jit.instantiator][INFO] - Created a temporary directory at /tmp/tmpl7vhv_o3
[2023-08-02 13:41:37,019][torch.distributed.nn.jit.instantiator][INFO] - Writing /tmp/tmpl7vhv_o3/_remote_module_non_scriptable.py
[2023-08-02 13:41:38,797][torch.distributed.distributed_c10d][INFO] - Added key: store_based_barrier_key:1 to store for rank: 1
[2023-08-02 13:41:38,807][torch.distributed.distributed_c10d][INFO] - Rank 1: Completed store-based barrier for key:store_based_barrier_key:1 with 2 nodes.
[2023-08-02 15:09:10,498][torch.distributed.nn.jit.instantiator][INFO] - Created a temporary directory at /tmp/tmpmsh7c16c
[2023-08-02 15:09:10,498][torch.distributed.nn.jit.instantiator][INFO] - Writing /tmp/tmpmsh7c16c/_remote_module_non_scriptable.py
[2023-08-02 15:09:12,259][torch.distributed.distributed_c10d][INFO] - Added key: store_based_barrier_key:1 to store for rank: 1
[2023-08-02 15:09:12,269][torch.distributed.distributed_c10d][INFO] - Rank 1: Completed store-based barrier for key:store_based_barrier_key:1 with 2 nodes.
[2023-08-02 21:16:57,420][torch.distributed.nn.jit.instantiator][INFO] - Created a temporary directory at /tmp/tmp7xivm6er
[2023-08-02 21:16:57,421][torch.distributed.nn.jit.instantiator][INFO] - Writing /tmp/tmp7xivm6er/_remote_module_non_scriptable.py
[2023-08-02 21:16:59,331][torch.distributed.distributed_c10d][INFO] - Added key: store_based_barrier_key:1 to store for rank: 1
[2023-08-02 21:16:59,341][torch.distributed.distributed_c10d][INFO] - Rank 1: Completed store-based barrier for key:store_based_barrier_key:1 with 2 nodes.
[2023-08-02 21:47:50,619][torch.distributed.nn.jit.instantiator][INFO] - Created a temporary directory at /tmp/tmp09tka2l8
[2023-08-02 21:47:50,620][torch.distributed.nn.jit.instantiator][INFO] - Writing /tmp/tmp09tka2l8/_remote_module_non_scriptable.py
[2023-08-02 21:47:52,537][torch.distributed.distributed_c10d][INFO] - Added key: store_based_barrier_key:1 to store for rank: 1
[2023-08-02 21:47:52,549][torch.distributed.distributed_c10d][INFO] - Rank 1: Completed store-based barrier for key:store_based_barrier_key:1 with 2 nodes.
[2023-08-02 22:02:18,221][torch.distributed.nn.jit.instantiator][INFO] - Created a temporary directory at /tmp/tmprip3oqhh
[2023-08-02 22:02:18,222][torch.distributed.nn.jit.instantiator][INFO] - Writing /tmp/tmprip3oqhh/_remote_module_non_scriptable.py
[2023-08-02 22:02:20,200][torch.distributed.distributed_c10d][INFO] - Added key: store_based_barrier_key:1 to store for rank: 1
[2023-08-02 22:02:20,211][torch.distributed.distributed_c10d][INFO] - Rank 1: Completed store-based barrier for key:store_based_barrier_key:1 with 2 nodes.
[2023-08-02 22:40:52,234][torch.distributed.nn.jit.instantiator][INFO] - Created a temporary directory at /tmp/tmpm0f4s1d7
[2023-08-02 22:40:52,234][torch.distributed.nn.jit.instantiator][INFO] - Writing /tmp/tmpm0f4s1d7/_remote_module_non_scriptable.py
[2023-08-02 22:40:54,224][torch.distributed.distributed_c10d][INFO] - Added key: store_based_barrier_key:1 to store for rank: 1
[2023-08-02 22:40:54,234][torch.distributed.distributed_c10d][INFO] - Rank 1: Completed store-based barrier for key:store_based_barrier_key:1 with 2 nodes.
[2023-08-02 22:41:26,668][torch.distributed.nn.jit.instantiator][INFO] - Created a temporary directory at /tmp/tmphmezqxxy
[2023-08-02 22:41:26,668][torch.distributed.nn.jit.instantiator][INFO] - Writing /tmp/tmphmezqxxy/_remote_module_non_scriptable.py
[2023-08-02 22:41:28,659][torch.distributed.distributed_c10d][INFO] - Added key: store_based_barrier_key:1 to store for rank: 1
[2023-08-02 22:41:28,669][torch.distributed.distributed_c10d][INFO] - Rank 1: Completed store-based barrier for key:store_based_barrier_key:1 with 2 nodes.
[2023-08-02 23:46:34,372][torch.distributed.nn.jit.instantiator][INFO] - Created a temporary directory at /tmp/tmp_1_lougy
[2023-08-02 23:46:34,372][torch.distributed.nn.jit.instantiator][INFO] - Writing /tmp/tmp_1_lougy/_remote_module_non_scriptable.py
[2023-08-02 23:46:36,094][torch.distributed.distributed_c10d][INFO] - Added key: store_based_barrier_key:1 to store for rank: 1
[2023-08-02 23:46:36,106][torch.distributed.distributed_c10d][INFO] - Rank 1: Completed store-based barrier for key:store_based_barrier_key:1 with 2 nodes.
[2023-08-03 00:27:04,945][torch.distributed.nn.jit.instantiator][INFO] - Created a temporary directory at /tmp/tmpy6ulqokb
[2023-08-03 00:27:04,945][torch.distributed.nn.jit.instantiator][INFO] - Writing /tmp/tmpy6ulqokb/_remote_module_non_scriptable.py
[2023-08-03 00:27:06,656][torch.distributed.distributed_c10d][INFO] - Added key: store_based_barrier_key:1 to store for rank: 1
[2023-08-03 00:27:06,657][torch.distributed.distributed_c10d][INFO] - Rank 1: Completed store-based barrier for key:store_based_barrier_key:1 with 2 nodes.
[2023-08-03 00:36:27,612][torch.distributed.nn.jit.instantiator][INFO] - Created a temporary directory at /tmp/tmp24iqmati
[2023-08-03 00:36:27,612][torch.distributed.nn.jit.instantiator][INFO] - Writing /tmp/tmp24iqmati/_remote_module_non_scriptable.py
[2023-08-03 00:36:29,401][torch.distributed.distributed_c10d][INFO] - Added key: store_based_barrier_key:1 to store for rank: 1
[2023-08-03 00:36:29,412][torch.distributed.distributed_c10d][INFO] - Rank 1: Completed store-based barrier for key:store_based_barrier_key:1 with 2 nodes.
[2023-08-03 10:43:59,772][torch.distributed.nn.jit.instantiator][INFO] - Created a temporary directory at /tmp/tmpdcdw52kk
[2023-08-03 10:43:59,773][torch.distributed.nn.jit.instantiator][INFO] - Writing /tmp/tmpdcdw52kk/_remote_module_non_scriptable.py
[2023-08-03 10:44:01,403][torch.distributed.distributed_c10d][INFO] - Added key: store_based_barrier_key:1 to store for rank: 1
[2023-08-03 10:44:01,414][torch.distributed.distributed_c10d][INFO] - Rank 1: Completed store-based barrier for key:store_based_barrier_key:1 with 2 nodes.
[2023-08-03 11:17:43,229][torch.distributed.nn.jit.instantiator][INFO] - Created a temporary directory at /tmp/tmpr40pk_gs
[2023-08-03 11:17:43,229][torch.distributed.nn.jit.instantiator][INFO] - Writing /tmp/tmpr40pk_gs/_remote_module_non_scriptable.py
[2023-08-03 11:17:44,852][torch.distributed.distributed_c10d][INFO] - Added key: store_based_barrier_key:1 to store for rank: 1
[2023-08-03 11:17:44,863][torch.distributed.distributed_c10d][INFO] - Rank 1: Completed store-based barrier for key:store_based_barrier_key:1 with 2 nodes.
[2023-08-03 11:44:08,211][torch.distributed.nn.jit.instantiator][INFO] - Created a temporary directory at /tmp/tmpkq0our83
[2023-08-03 11:44:08,211][torch.distributed.nn.jit.instantiator][INFO] - Writing /tmp/tmpkq0our83/_remote_module_non_scriptable.py
[2023-08-03 11:44:09,833][torch.distributed.distributed_c10d][INFO] - Added key: store_based_barrier_key:1 to store for rank: 1
[2023-08-03 11:44:09,843][torch.distributed.distributed_c10d][INFO] - Rank 1: Completed store-based barrier for key:store_based_barrier_key:1 with 2 nodes.
[2023-08-03 11:45:01,752][torch.distributed.nn.jit.instantiator][INFO] - Created a temporary directory at /tmp/tmp7j96vk7w
[2023-08-03 11:45:01,752][torch.distributed.nn.jit.instantiator][INFO] - Writing /tmp/tmp7j96vk7w/_remote_module_non_scriptable.py
[2023-08-03 11:45:03,372][torch.distributed.distributed_c10d][INFO] - Added key: store_based_barrier_key:1 to store for rank: 1
[2023-08-03 11:45:03,383][torch.distributed.distributed_c10d][INFO] - Rank 1: Completed store-based barrier for key:store_based_barrier_key:1 with 2 nodes.
[2023-08-06 01:07:26,476][torch.distributed.nn.jit.instantiator][INFO] - Created a temporary directory at /tmp/tmp7hk5flrs
[2023-08-06 01:07:26,476][torch.distributed.nn.jit.instantiator][INFO] - Writing /tmp/tmp7hk5flrs/_remote_module_non_scriptable.py
[2023-08-06 01:07:28,056][torch.distributed.distributed_c10d][INFO] - Added key: store_based_barrier_key:1 to store for rank: 1
[2023-08-06 01:07:28,068][torch.distributed.distributed_c10d][INFO] - Rank 1: Completed store-based barrier for key:store_based_barrier_key:1 with 2 nodes.
[2023-08-06 01:11:32,598][torch.distributed.nn.jit.instantiator][INFO] - Created a temporary directory at /tmp/tmp957cz63o
[2023-08-06 01:11:32,598][torch.distributed.nn.jit.instantiator][INFO] - Writing /tmp/tmp957cz63o/_remote_module_non_scriptable.py
[2023-08-06 01:11:34,190][torch.distributed.distributed_c10d][INFO] - Added key: store_based_barrier_key:1 to store for rank: 1
[2023-08-06 01:11:34,201][torch.distributed.distributed_c10d][INFO] - Rank 1: Completed store-based barrier for key:store_based_barrier_key:1 with 2 nodes.
[2023-08-06 11:28:11,236][torch.distributed.nn.jit.instantiator][INFO] - Created a temporary directory at /tmp/tmpd6j0fexz
[2023-08-06 11:28:11,236][torch.distributed.nn.jit.instantiator][INFO] - Writing /tmp/tmpd6j0fexz/_remote_module_non_scriptable.py
[2023-08-06 11:28:12,729][torch.distributed.distributed_c10d][INFO] - Added key: store_based_barrier_key:1 to store for rank: 1
[2023-08-06 11:28:12,739][torch.distributed.distributed_c10d][INFO] - Rank 1: Completed store-based barrier for key:store_based_barrier_key:1 with 2 nodes.
[2023-08-06 22:10:35,727][torch.distributed.nn.jit.instantiator][INFO] - Created a temporary directory at /tmp/tmp5z0xqo4t
[2023-08-06 22:10:35,727][torch.distributed.nn.jit.instantiator][INFO] - Writing /tmp/tmp5z0xqo4t/_remote_module_non_scriptable.py
[2023-08-06 22:10:37,359][torch.distributed.distributed_c10d][INFO] - Added key: store_based_barrier_key:1 to store for rank: 1
[2023-08-06 22:10:37,369][torch.distributed.distributed_c10d][INFO] - Rank 1: Completed store-based barrier for key:store_based_barrier_key:1 with 2 nodes.
[2023-08-06 22:11:50,588][torch.distributed.nn.jit.instantiator][INFO] - Created a temporary directory at /tmp/tmpfgmaklb9
[2023-08-06 22:11:50,588][torch.distributed.nn.jit.instantiator][INFO] - Writing /tmp/tmpfgmaklb9/_remote_module_non_scriptable.py
[2023-08-06 22:11:52,197][torch.distributed.distributed_c10d][INFO] - Added key: store_based_barrier_key:1 to store for rank: 1
[2023-08-06 22:11:52,207][torch.distributed.distributed_c10d][INFO] - Rank 1: Completed store-based barrier for key:store_based_barrier_key:1 with 2 nodes.
[2023-08-06 22:13:07,713][torch.distributed.nn.jit.instantiator][INFO] - Created a temporary directory at /tmp/tmpsbbvlgg0
[2023-08-06 22:13:07,714][torch.distributed.nn.jit.instantiator][INFO] - Writing /tmp/tmpsbbvlgg0/_remote_module_non_scriptable.py
[2023-08-06 22:13:09,358][torch.distributed.distributed_c10d][INFO] - Added key: store_based_barrier_key:1 to store for rank: 1
[2023-08-06 22:13:09,368][torch.distributed.distributed_c10d][INFO] - Rank 1: Completed store-based barrier for key:store_based_barrier_key:1 with 2 nodes.
[2023-08-07 23:17:31,546][torch.distributed.nn.jit.instantiator][INFO] - Created a temporary directory at /tmp/tmp7qyiluhl
[2023-08-07 23:17:31,546][torch.distributed.nn.jit.instantiator][INFO] - Writing /tmp/tmp7qyiluhl/_remote_module_non_scriptable.py
[2023-08-07 23:17:33,592][torch.distributed.distributed_c10d][INFO] - Added key: store_based_barrier_key:1 to store for rank: 1
[2023-08-07 23:17:33,592][torch.distributed.distributed_c10d][INFO] - Rank 1: Completed store-based barrier for key:store_based_barrier_key:1 with 2 nodes.
[2023-08-07 23:19:00,051][torch.distributed.nn.jit.instantiator][INFO] - Created a temporary directory at /tmp/tmp0xnhzwmf
[2023-08-07 23:19:00,052][torch.distributed.nn.jit.instantiator][INFO] - Writing /tmp/tmp0xnhzwmf/_remote_module_non_scriptable.py
[2023-08-07 23:19:02,252][torch.distributed.distributed_c10d][INFO] - Added key: store_based_barrier_key:1 to store for rank: 1
[2023-08-07 23:19:02,262][torch.distributed.distributed_c10d][INFO] - Rank 1: Completed store-based barrier for key:store_based_barrier_key:1 with 2 nodes.
[2023-08-07 23:22:56,869][torch.distributed.nn.jit.instantiator][INFO] - Created a temporary directory at /tmp/tmpcv4w52oi
[2023-08-07 23:22:56,869][torch.distributed.nn.jit.instantiator][INFO] - Writing /tmp/tmpcv4w52oi/_remote_module_non_scriptable.py
[2023-08-07 23:22:59,013][torch.distributed.distributed_c10d][INFO] - Added key: store_based_barrier_key:1 to store for rank: 1
[2023-08-07 23:22:59,023][torch.distributed.distributed_c10d][INFO] - Rank 1: Completed store-based barrier for key:store_based_barrier_key:1 with 2 nodes.
[2023-08-07 23:27:49,788][torch.distributed.nn.jit.instantiator][INFO] - Created a temporary directory at /tmp/tmp2_5u9gzk
[2023-08-07 23:27:49,788][torch.distributed.nn.jit.instantiator][INFO] - Writing /tmp/tmp2_5u9gzk/_remote_module_non_scriptable.py
[2023-08-07 23:27:52,013][torch.distributed.distributed_c10d][INFO] - Added key: store_based_barrier_key:1 to store for rank: 1
[2023-08-07 23:27:52,023][torch.distributed.distributed_c10d][INFO] - Rank 1: Completed store-based barrier for key:store_based_barrier_key:1 with 2 nodes.
[2023-08-07 23:52:15,226][torch.distributed.nn.jit.instantiator][INFO] - Created a temporary directory at /tmp/tmpkijzwy8a
[2023-08-07 23:52:15,226][torch.distributed.nn.jit.instantiator][INFO] - Writing /tmp/tmpkijzwy8a/_remote_module_non_scriptable.py
[2023-08-07 23:52:16,858][torch.distributed.distributed_c10d][INFO] - Added key: store_based_barrier_key:1 to store for rank: 1
[2023-08-07 23:52:16,868][torch.distributed.distributed_c10d][INFO] - Rank 1: Completed store-based barrier for key:store_based_barrier_key:1 with 2 nodes.
[2023-08-07 23:53:06,792][torch.distributed.nn.jit.instantiator][INFO] - Created a temporary directory at /tmp/tmpunqzfjp8
[2023-08-07 23:53:06,792][torch.distributed.nn.jit.instantiator][INFO] - Writing /tmp/tmpunqzfjp8/_remote_module_non_scriptable.py
[2023-08-07 23:53:08,415][torch.distributed.distributed_c10d][INFO] - Added key: store_based_barrier_key:1 to store for rank: 1
[2023-08-07 23:53:08,425][torch.distributed.distributed_c10d][INFO] - Rank 1: Completed store-based barrier for key:store_based_barrier_key:1 with 2 nodes.
[2023-08-08 11:26:38,271][torch.distributed.nn.jit.instantiator][INFO] - Created a temporary directory at /tmp/tmp3z1q2jkt
[2023-08-08 11:26:38,271][torch.distributed.nn.jit.instantiator][INFO] - Writing /tmp/tmp3z1q2jkt/_remote_module_non_scriptable.py
[2023-08-08 11:26:39,895][torch.distributed.distributed_c10d][INFO] - Added key: store_based_barrier_key:1 to store for rank: 1
[2023-08-08 11:26:39,905][torch.distributed.distributed_c10d][INFO] - Rank 1: Completed store-based barrier for key:store_based_barrier_key:1 with 2 nodes.
[2023-08-11 00:26:05,809][torch.distributed.nn.jit.instantiator][INFO] - Created a temporary directory at /tmp/tmp_amh2rod
[2023-08-11 00:26:05,821][torch.distributed.nn.jit.instantiator][INFO] - Writing /tmp/tmp_amh2rod/_remote_module_non_scriptable.py
[2023-08-11 00:26:07,427][torch.distributed.distributed_c10d][INFO] - Added key: store_based_barrier_key:1 to store for rank: 1
[2023-08-11 00:26:07,438][torch.distributed.distributed_c10d][INFO] - Rank 1: Completed store-based barrier for key:store_based_barrier_key:1 with 2 nodes.
[2023-08-11 00:29:24,683][torch.distributed.nn.jit.instantiator][INFO] - Created a temporary directory at /tmp/tmpcdqmxwpi
[2023-08-11 00:29:24,683][torch.distributed.nn.jit.instantiator][INFO] - Writing /tmp/tmpcdqmxwpi/_remote_module_non_scriptable.py
[2023-08-11 00:29:26,223][torch.distributed.distributed_c10d][INFO] - Added key: store_based_barrier_key:1 to store for rank: 1
[2023-08-11 00:29:26,233][torch.distributed.distributed_c10d][INFO] - Rank 1: Completed store-based barrier for key:store_based_barrier_key:1 with 2 nodes.
[2023-08-11 00:36:54,834][torch.distributed.nn.jit.instantiator][INFO] - Created a temporary directory at /tmp/tmppz5js3cf
[2023-08-11 00:36:54,834][torch.distributed.nn.jit.instantiator][INFO] - Writing /tmp/tmppz5js3cf/_remote_module_non_scriptable.py
[2023-08-11 00:36:56,480][torch.distributed.distributed_c10d][INFO] - Added key: store_based_barrier_key:1 to store for rank: 1
[2023-08-11 00:36:56,490][torch.distributed.distributed_c10d][INFO] - Rank 1: Completed store-based barrier for key:store_based_barrier_key:1 with 2 nodes.
[2023-08-11 00:42:43,638][torch.distributed.nn.jit.instantiator][INFO] - Created a temporary directory at /tmp/tmp32fpk9vw
[2023-08-11 00:42:43,638][torch.distributed.nn.jit.instantiator][INFO] - Writing /tmp/tmp32fpk9vw/_remote_module_non_scriptable.py
[2023-08-11 00:42:45,309][torch.distributed.distributed_c10d][INFO] - Added key: store_based_barrier_key:1 to store for rank: 1
[2023-08-11 00:42:45,320][torch.distributed.distributed_c10d][INFO] - Rank 1: Completed store-based barrier for key:store_based_barrier_key:1 with 2 nodes.
[2023-08-11 00:44:56,050][torch.distributed.nn.jit.instantiator][INFO] - Created a temporary directory at /tmp/tmpg92mo8ml
[2023-08-11 00:44:56,050][torch.distributed.nn.jit.instantiator][INFO] - Writing /tmp/tmpg92mo8ml/_remote_module_non_scriptable.py
[2023-08-11 00:44:57,662][torch.distributed.distributed_c10d][INFO] - Added key: store_based_barrier_key:1 to store for rank: 1
[2023-08-11 00:44:57,672][torch.distributed.distributed_c10d][INFO] - Rank 1: Completed store-based barrier for key:store_based_barrier_key:1 with 2 nodes.
[2023-08-11 00:45:58,179][torch.distributed.nn.jit.instantiator][INFO] - Created a temporary directory at /tmp/tmpgjg7r6rw
[2023-08-11 00:45:58,179][torch.distributed.nn.jit.instantiator][INFO] - Writing /tmp/tmpgjg7r6rw/_remote_module_non_scriptable.py
[2023-08-11 00:45:59,851][torch.distributed.distributed_c10d][INFO] - Added key: store_based_barrier_key:1 to store for rank: 1
[2023-08-11 00:45:59,862][torch.distributed.distributed_c10d][INFO] - Rank 1: Completed store-based barrier for key:store_based_barrier_key:1 with 2 nodes.
[2023-08-11 00:57:17,888][torch.distributed.nn.jit.instantiator][INFO] - Created a temporary directory at /tmp/tmpswdhus3_
[2023-08-11 00:57:17,888][torch.distributed.nn.jit.instantiator][INFO] - Writing /tmp/tmpswdhus3_/_remote_module_non_scriptable.py
[2023-08-11 00:57:19,482][torch.distributed.distributed_c10d][INFO] - Added key: store_based_barrier_key:1 to store for rank: 1
[2023-08-11 00:57:19,492][torch.distributed.distributed_c10d][INFO] - Rank 1: Completed store-based barrier for key:store_based_barrier_key:1 with 2 nodes.
[2023-08-14 20:48:09,812][torch.distributed.nn.jit.instantiator][INFO] - Created a temporary directory at /tmp/tmp0tnhz2ex
[2023-08-14 20:48:09,812][torch.distributed.nn.jit.instantiator][INFO] - Writing /tmp/tmp0tnhz2ex/_remote_module_non_scriptable.py
[2023-08-14 20:48:11,551][torch.distributed.distributed_c10d][INFO] - Added key: store_based_barrier_key:1 to store for rank: 1
[2023-08-14 20:48:11,562][torch.distributed.distributed_c10d][INFO] - Rank 1: Completed store-based barrier for key:store_based_barrier_key:1 with 2 nodes.
[2023-08-14 21:45:55,905][torch.distributed.nn.jit.instantiator][INFO] - Created a temporary directory at /tmp/tmpcztthm6o
[2023-08-14 21:45:55,905][torch.distributed.nn.jit.instantiator][INFO] - Writing /tmp/tmpcztthm6o/_remote_module_non_scriptable.py
[2023-08-14 21:45:57,617][torch.distributed.distributed_c10d][INFO] - Added key: store_based_barrier_key:1 to store for rank: 1
[2023-08-14 21:45:57,627][torch.distributed.distributed_c10d][INFO] - Rank 1: Completed store-based barrier for key:store_based_barrier_key:1 with 2 nodes.
[2023-08-17 00:02:03,271][torch.distributed.nn.jit.instantiator][INFO] - Created a temporary directory at /tmp/tmpgyufb0hp
[2023-08-17 00:02:03,271][torch.distributed.nn.jit.instantiator][INFO] - Writing /tmp/tmpgyufb0hp/_remote_module_non_scriptable.py
[2023-08-17 00:02:04,852][torch.distributed.distributed_c10d][INFO] - Added key: store_based_barrier_key:1 to store for rank: 1
[2023-08-17 00:02:04,862][torch.distributed.distributed_c10d][INFO] - Rank 1: Completed store-based barrier for key:store_based_barrier_key:1 with 2 nodes.
[2023-08-17 00:06:31,807][torch.distributed.nn.jit.instantiator][INFO] - Created a temporary directory at /tmp/tmpod99u6a8
[2023-08-17 00:06:31,807][torch.distributed.nn.jit.instantiator][INFO] - Writing /tmp/tmpod99u6a8/_remote_module_non_scriptable.py
[2023-08-17 00:06:33,329][torch.distributed.distributed_c10d][INFO] - Added key: store_based_barrier_key:1 to store for rank: 1
[2023-08-17 00:06:33,339][torch.distributed.distributed_c10d][INFO] - Rank 1: Completed store-based barrier for key:store_based_barrier_key:1 with 2 nodes.
[2023-08-17 00:07:48,523][torch.distributed.nn.jit.instantiator][INFO] - Created a temporary directory at /tmp/tmpz8rlrkqn
[2023-08-17 00:07:48,523][torch.distributed.nn.jit.instantiator][INFO] - Writing /tmp/tmpz8rlrkqn/_remote_module_non_scriptable.py
[2023-08-17 00:07:49,993][torch.distributed.distributed_c10d][INFO] - Added key: store_based_barrier_key:1 to store for rank: 1
[2023-08-17 00:07:50,004][torch.distributed.distributed_c10d][INFO] - Rank 1: Completed store-based barrier for key:store_based_barrier_key:1 with 2 nodes.
[2023-08-17 00:09:11,558][torch.distributed.nn.jit.instantiator][INFO] - Created a temporary directory at /tmp/tmprqb3cprf
[2023-08-17 00:09:11,558][torch.distributed.nn.jit.instantiator][INFO] - Writing /tmp/tmprqb3cprf/_remote_module_non_scriptable.py
[2023-08-17 00:09:13,023][torch.distributed.distributed_c10d][INFO] - Added key: store_based_barrier_key:1 to store for rank: 1
[2023-08-17 00:09:13,033][torch.distributed.distributed_c10d][INFO] - Rank 1: Completed store-based barrier for key:store_based_barrier_key:1 with 2 nodes.
[2023-08-17 00:09:45,066][torch.distributed.nn.jit.instantiator][INFO] - Created a temporary directory at /tmp/tmpgmq6n0yn
[2023-08-17 00:09:45,066][torch.distributed.nn.jit.instantiator][INFO] - Writing /tmp/tmpgmq6n0yn/_remote_module_non_scriptable.py
[2023-08-17 00:09:46,546][torch.distributed.distributed_c10d][INFO] - Added key: store_based_barrier_key:1 to store for rank: 1
[2023-08-17 00:09:46,556][torch.distributed.distributed_c10d][INFO] - Rank 1: Completed store-based barrier for key:store_based_barrier_key:1 with 2 nodes.
[2023-08-17 00:10:38,520][torch.distributed.nn.jit.instantiator][INFO] - Created a temporary directory at /tmp/tmpskpq1oyz
[2023-08-17 00:10:38,520][torch.distributed.nn.jit.instantiator][INFO] - Writing /tmp/tmpskpq1oyz/_remote_module_non_scriptable.py
[2023-08-17 00:10:39,997][torch.distributed.distributed_c10d][INFO] - Added key: store_based_barrier_key:1 to store for rank: 1
[2023-08-17 00:10:40,007][torch.distributed.distributed_c10d][INFO] - Rank 1: Completed store-based barrier for key:store_based_barrier_key:1 with 2 nodes.
[2023-08-17 00:33:43,609][torch.distributed.nn.jit.instantiator][INFO] - Created a temporary directory at /tmp/tmpt2yk86xs
[2023-08-17 00:33:43,609][torch.distributed.nn.jit.instantiator][INFO] - Writing /tmp/tmpt2yk86xs/_remote_module_non_scriptable.py
[2023-08-17 00:33:45,640][torch.distributed.distributed_c10d][INFO] - Added key: store_based_barrier_key:1 to store for rank: 1
[2023-08-17 00:33:45,650][torch.distributed.distributed_c10d][INFO] - Rank 1: Completed store-based barrier for key:store_based_barrier_key:1 with 2 nodes.
[2023-08-17 00:34:48,770][torch.distributed.nn.jit.instantiator][INFO] - Created a temporary directory at /tmp/tmp0mm2jtx_
[2023-08-17 00:34:48,771][torch.distributed.nn.jit.instantiator][INFO] - Writing /tmp/tmp0mm2jtx_/_remote_module_non_scriptable.py
[2023-08-17 00:34:50,767][torch.distributed.distributed_c10d][INFO] - Added key: store_based_barrier_key:1 to store for rank: 1
[2023-08-17 00:34:50,778][torch.distributed.distributed_c10d][INFO] - Rank 1: Completed store-based barrier for key:store_based_barrier_key:1 with 2 nodes.
[2023-08-17 00:35:20,827][torch.distributed.nn.jit.instantiator][INFO] - Created a temporary directory at /tmp/tmpwa8ayrv5
[2023-08-17 00:35:20,828][torch.distributed.nn.jit.instantiator][INFO] - Writing /tmp/tmpwa8ayrv5/_remote_module_non_scriptable.py
[2023-08-17 00:35:22,829][torch.distributed.distributed_c10d][INFO] - Added key: store_based_barrier_key:1 to store for rank: 1
[2023-08-17 00:35:22,840][torch.distributed.distributed_c10d][INFO] - Rank 1: Completed store-based barrier for key:store_based_barrier_key:1 with 2 nodes.
[2023-08-17 00:35:46,723][torch.distributed.nn.jit.instantiator][INFO] - Created a temporary directory at /tmp/tmp_ya7o585
[2023-08-17 00:35:46,724][torch.distributed.nn.jit.instantiator][INFO] - Writing /tmp/tmp_ya7o585/_remote_module_non_scriptable.py
[2023-08-17 00:35:48,728][torch.distributed.distributed_c10d][INFO] - Added key: store_based_barrier_key:1 to store for rank: 1
[2023-08-17 00:35:48,739][torch.distributed.distributed_c10d][INFO] - Rank 1: Completed store-based barrier for key:store_based_barrier_key:1 with 2 nodes.
[2023-08-17 00:41:36,187][torch.distributed.nn.jit.instantiator][INFO] - Created a temporary directory at /tmp/tmp8plmptgi
[2023-08-17 00:41:36,187][torch.distributed.nn.jit.instantiator][INFO] - Writing /tmp/tmp8plmptgi/_remote_module_non_scriptable.py
[2023-08-17 00:41:38,192][torch.distributed.distributed_c10d][INFO] - Added key: store_based_barrier_key:1 to store for rank: 1
[2023-08-17 00:41:38,202][torch.distributed.distributed_c10d][INFO] - Rank 1: Completed store-based barrier for key:store_based_barrier_key:1 with 2 nodes.
[2023-08-17 00:52:01,522][torch.distributed.nn.jit.instantiator][INFO] - Created a temporary directory at /tmp/tmppl393jxj
[2023-08-17 00:52:01,523][torch.distributed.nn.jit.instantiator][INFO] - Writing /tmp/tmppl393jxj/_remote_module_non_scriptable.py
[2023-08-17 00:52:02,702][torch.distributed.distributed_c10d][INFO] - Added key: store_based_barrier_key:1 to store for rank: 1
[2023-08-17 00:52:02,713][torch.distributed.distributed_c10d][INFO] - Rank 1: Completed store-based barrier for key:store_based_barrier_key:1 with 2 nodes.
[2023-08-17 00:53:05,528][torch.distributed.nn.jit.instantiator][INFO] - Created a temporary directory at /tmp/tmp1ggl0943
[2023-08-17 00:53:05,529][torch.distributed.nn.jit.instantiator][INFO] - Writing /tmp/tmp1ggl0943/_remote_module_non_scriptable.py
[2023-08-17 00:53:07,599][torch.distributed.distributed_c10d][INFO] - Added key: store_based_barrier_key:1 to store for rank: 1
[2023-08-17 00:53:07,609][torch.distributed.distributed_c10d][INFO] - Rank 1: Completed store-based barrier for key:store_based_barrier_key:1 with 2 nodes.
[2023-08-17 00:53:51,544][torch.distributed.nn.jit.instantiator][INFO] - Created a temporary directory at /tmp/tmpn3wl92ow
[2023-08-17 00:53:51,544][torch.distributed.nn.jit.instantiator][INFO] - Writing /tmp/tmpn3wl92ow/_remote_module_non_scriptable.py
[2023-08-17 00:53:52,695][torch.distributed.distributed_c10d][INFO] - Added key: store_based_barrier_key:1 to store for rank: 1
[2023-08-17 00:53:52,706][torch.distributed.distributed_c10d][INFO] - Rank 1: Completed store-based barrier for key:store_based_barrier_key:1 with 2 nodes.
[2023-08-17 00:55:12,028][torch.distributed.nn.jit.instantiator][INFO] - Created a temporary directory at /tmp/tmpr6aardz1
[2023-08-17 00:55:12,029][torch.distributed.nn.jit.instantiator][INFO] - Writing /tmp/tmpr6aardz1/_remote_module_non_scriptable.py
[2023-08-17 00:55:13,200][torch.distributed.distributed_c10d][INFO] - Added key: store_based_barrier_key:1 to store for rank: 1
[2023-08-17 00:55:13,200][torch.distributed.distributed_c10d][INFO] - Rank 1: Completed store-based barrier for key:store_based_barrier_key:1 with 2 nodes.
[2023-08-19 10:56:55,302][torch.distributed.nn.jit.instantiator][INFO] - Created a temporary directory at /tmp/tmppn_4ey51
[2023-08-19 10:56:55,303][torch.distributed.nn.jit.instantiator][INFO] - Writing /tmp/tmppn_4ey51/_remote_module_non_scriptable.py
[2023-08-19 10:56:57,347][torch.distributed.distributed_c10d][INFO] - Added key: store_based_barrier_key:1 to store for rank: 1
[2023-08-19 10:56:57,358][torch.distributed.distributed_c10d][INFO] - Rank 1: Completed store-based barrier for key:store_based_barrier_key:1 with 2 nodes.
[2023-08-19 11:02:29,542][torch.distributed.nn.jit.instantiator][INFO] - Created a temporary directory at /tmp/tmpqtyp2rhf
[2023-08-19 11:02:29,542][torch.distributed.nn.jit.instantiator][INFO] - Writing /tmp/tmpqtyp2rhf/_remote_module_non_scriptable.py
[2023-08-19 11:02:31,579][torch.distributed.distributed_c10d][INFO] - Added key: store_based_barrier_key:1 to store for rank: 1
[2023-08-19 11:02:31,590][torch.distributed.distributed_c10d][INFO] - Rank 1: Completed store-based barrier for key:store_based_barrier_key:1 with 2 nodes.
[2023-08-19 11:02:51,211][torch.distributed.nn.jit.instantiator][INFO] - Created a temporary directory at /tmp/tmpv3aktep2
[2023-08-19 11:02:51,211][torch.distributed.nn.jit.instantiator][INFO] - Writing /tmp/tmpv3aktep2/_remote_module_non_scriptable.py
[2023-08-19 11:02:53,286][torch.distributed.distributed_c10d][INFO] - Added key: store_based_barrier_key:1 to store for rank: 1
[2023-08-19 11:02:53,296][torch.distributed.distributed_c10d][INFO] - Rank 1: Completed store-based barrier for key:store_based_barrier_key:1 with 2 nodes.
[2023-08-19 11:03:17,711][torch.distributed.nn.jit.instantiator][INFO] - Created a temporary directory at /tmp/tmpjt25524b
[2023-08-19 11:03:17,711][torch.distributed.nn.jit.instantiator][INFO] - Writing /tmp/tmpjt25524b/_remote_module_non_scriptable.py
[2023-08-19 11:03:19,766][torch.distributed.distributed_c10d][INFO] - Added key: store_based_barrier_key:1 to store for rank: 1
[2023-08-19 11:03:19,777][torch.distributed.distributed_c10d][INFO] - Rank 1: Completed store-based barrier for key:store_based_barrier_key:1 with 2 nodes.
[2023-08-19 11:23:38,440][torch.distributed.nn.jit.instantiator][INFO] - Created a temporary directory at /tmp/tmp_v9gm63j
[2023-08-19 11:23:38,440][torch.distributed.nn.jit.instantiator][INFO] - Writing /tmp/tmp_v9gm63j/_remote_module_non_scriptable.py
[2023-08-19 11:23:39,626][torch.distributed.distributed_c10d][INFO] - Added key: store_based_barrier_key:1 to store for rank: 1
[2023-08-19 11:23:39,636][torch.distributed.distributed_c10d][INFO] - Rank 1: Completed store-based barrier for key:store_based_barrier_key:1 with 2 nodes.
[2023-08-20 00:26:44,797][torch.distributed.nn.jit.instantiator][INFO] - Created a temporary directory at /tmp/tmprne99aar
[2023-08-20 00:26:44,797][torch.distributed.nn.jit.instantiator][INFO] - Writing /tmp/tmprne99aar/_remote_module_non_scriptable.py
[2023-08-20 00:26:45,970][torch.distributed.distributed_c10d][INFO] - Added key: store_based_barrier_key:1 to store for rank: 1
[2023-08-20 00:26:45,980][torch.distributed.distributed_c10d][INFO] - Rank 1: Completed store-based barrier for key:store_based_barrier_key:1 with 2 nodes.
[2023-08-20 00:30:53,822][torch.distributed.nn.jit.instantiator][INFO] - Created a temporary directory at /tmp/tmp076lky5i
[2023-08-20 00:30:53,823][torch.distributed.nn.jit.instantiator][INFO] - Writing /tmp/tmp076lky5i/_remote_module_non_scriptable.py
[2023-08-20 00:30:55,841][torch.distributed.distributed_c10d][INFO] - Added key: store_based_barrier_key:1 to store for rank: 1
[2023-08-20 00:30:55,852][torch.distributed.distributed_c10d][INFO] - Rank 1: Completed store-based barrier for key:store_based_barrier_key:1 with 2 nodes.
[2023-08-20 00:31:53,307][torch.distributed.nn.jit.instantiator][INFO] - Created a temporary directory at /tmp/tmpc_d_dcea
[2023-08-20 00:31:53,307][torch.distributed.nn.jit.instantiator][INFO] - Writing /tmp/tmpc_d_dcea/_remote_module_non_scriptable.py
[2023-08-20 00:31:55,353][torch.distributed.distributed_c10d][INFO] - Added key: store_based_barrier_key:1 to store for rank: 1
[2023-08-20 00:31:55,353][torch.distributed.distributed_c10d][INFO] - Rank 1: Completed store-based barrier for key:store_based_barrier_key:1 with 2 nodes.
[2023-08-20 00:33:10,373][torch.distributed.nn.jit.instantiator][INFO] - Created a temporary directory at /tmp/tmpy6d35b__
[2023-08-20 00:33:10,373][torch.distributed.nn.jit.instantiator][INFO] - Writing /tmp/tmpy6d35b__/_remote_module_non_scriptable.py
[2023-08-20 00:33:11,566][torch.distributed.distributed_c10d][INFO] - Added key: store_based_barrier_key:1 to store for rank: 1
[2023-08-20 00:33:11,576][torch.distributed.distributed_c10d][INFO] - Rank 1: Completed store-based barrier for key:store_based_barrier_key:1 with 2 nodes.
